I, [2015-06-15T17:45:27.208744 #3465]  INFO -- Kitchen: -----> Starting Kitchen (v1.3.1)
I, [2015-06-15T17:45:28.626631 #3465]  INFO -- Kitchen: -----> Creating <default-centos-65>...
I, [2015-06-15T17:47:33.913043 #3465]  INFO -- Kitchen: -----> Kitchen is finished. (2m6.70s)
I, [2015-06-15T17:49:53.874328 #4807]  INFO -- Kitchen: -----> Starting Kitchen (v1.3.1)
I, [2015-06-15T17:49:55.221865 #4807]  INFO -- Kitchen: -----> Converging <default-centos-65>...
I, [2015-06-15T17:50:30.557510 #4807]  INFO -- Kitchen: -----> Kitchen is finished. (0m36.68s)
I, [2015-06-15T18:05:14.547541 #5166]  INFO -- Kitchen: -----> Starting Kitchen (v1.3.1)
I, [2015-06-15T18:05:15.927968 #5166]  INFO -- Kitchen: -----> Setting up <default-centos-65>...
I, [2015-06-15T18:05:28.604683 #5166]  INFO -- Kitchen: -----> Verifying <default-centos-65>...
I, [2015-06-15T18:05:44.103495 #5166]  INFO -- Kitchen: -----> Kitchen is finished. (0m29.56s)
I, [2015-06-15T18:22:51.730736 #5268]  INFO -- Kitchen: -----> Starting Kitchen (v1.3.1)
I, [2015-06-15T18:22:53.078236 #5268]  INFO -- Kitchen: -----> Verifying <default-centos-65>...
E, [2015-06-15T18:23:02.390191 #5268] ERROR -- Kitchen: Verify failed on instance <default-centos-65>.
I, [2015-06-15T18:46:44.534426 #5356]  INFO -- Kitchen: -----> Starting Kitchen (v1.3.1)
I, [2015-06-15T18:46:45.859613 #5356]  INFO -- Kitchen: -----> Verifying <default-centos-65>...
E, [2015-06-15T18:46:55.604037 #5356] ERROR -- Kitchen: Verify failed on instance <default-centos-65>.
I, [2015-06-15T19:02:49.368642 #5502]  INFO -- Kitchen: -----> Starting Kitchen (v1.3.1)
I, [2015-06-15T19:02:50.755728 #5502]  INFO -- Kitchen: -----> Converging <default-centos-65>...
I, [2015-06-15T19:03:13.601070 #5502]  INFO -- Kitchen: -----> Kitchen is finished. (0m24.23s)
I, [2015-06-15T19:04:05.627124 #5764]  INFO -- Kitchen: -----> Starting Kitchen (v1.3.1)
I, [2015-06-15T19:04:06.967086 #5764]  INFO -- Kitchen: -----> Setting up <default-centos-65>...
I, [2015-06-15T19:04:13.646462 #5764]  INFO -- Kitchen: -----> Verifying <default-centos-65>...
E, [2015-06-15T19:04:23.424563 #5764] ERROR -- Kitchen: Verify failed on instance <default-centos-65>.
I, [2015-06-15T19:11:09.298654 #5873]  INFO -- Kitchen: -----> Starting Kitchen (v1.3.1)
I, [2015-06-15T19:11:10.654044 #5873]  INFO -- Kitchen: -----> Converging <default-centos-65>...
I, [2015-06-15T19:11:25.457546 #5873]  INFO -- Kitchen: -----> Kitchen is finished. (0m16.16s)
I, [2015-06-15T19:11:27.034023 #6155]  INFO -- Kitchen: -----> Starting Kitchen (v1.3.1)
I, [2015-06-15T19:11:28.397331 #6155]  INFO -- Kitchen: -----> Setting up <default-centos-65>...
I, [2015-06-15T19:11:34.546074 #6155]  INFO -- Kitchen: -----> Verifying <default-centos-65>...
I, [2015-06-15T19:11:44.236365 #6155]  INFO -- Kitchen: -----> Kitchen is finished. (0m17.20s)
I, [2015-06-15T19:13:30.376244 #6264]  INFO -- Kitchen: -----> Starting Kitchen (v1.3.1)
I, [2015-06-15T19:13:31.759757 #6264]  INFO -- Kitchen: -----> Converging <default-centos-65>...
I, [2015-06-15T19:13:46.485048 #6264]  INFO -- Kitchen: -----> Kitchen is finished. (0m16.11s)
I, [2015-06-15T19:13:47.997840 #6519]  INFO -- Kitchen: -----> Starting Kitchen (v1.3.1)
I, [2015-06-15T19:13:49.344037 #6519]  INFO -- Kitchen: -----> Setting up <default-centos-65>...
I, [2015-06-15T19:13:54.058551 #6519]  INFO -- Kitchen: -----> Verifying <default-centos-65>...
I, [2015-06-15T19:14:03.763132 #6519]  INFO -- Kitchen: -----> Kitchen is finished. (0m15.77s)
I, [2015-06-15T19:14:55.452120 #6624]  INFO -- Kitchen: -----> Starting Kitchen (v1.3.1)
I, [2015-06-15T19:14:56.796655 #6624]  INFO -- Kitchen: -----> Destroying <default-centos-65>...
I, [2015-06-15T19:15:02.057307 #6624]  INFO -- Kitchen: -----> Kitchen is finished. (0m6.60s)
I, [2015-06-15T19:16:42.741482 #6736]  INFO -- Kitchen: -----> Starting Kitchen (v1.3.1)
I, [2015-06-15T19:16:44.108868 #6736]  INFO -- Kitchen: -----> Cleaning up any prior instances of <default-centos-65>
I, [2015-06-15T19:16:44.133518 #6736]  INFO -- Kitchen: -----> Destroying <default-centos-65>...
I, [2015-06-15T19:16:44.135410 #6736]  INFO -- Kitchen: -----> Testing <default-centos-65>
I, [2015-06-15T19:16:44.135615 #6736]  INFO -- Kitchen: -----> Creating <default-centos-65>...
I, [2015-06-15T19:16:45.764432 #6736]  INFO -- Kitchen: -----> Converging <default-centos-65>...
I, [2015-06-15T19:17:29.338130 #6736]  INFO -- Kitchen: -----> Setting up <default-centos-65>...
I, [2015-06-15T19:17:42.019235 #6736]  INFO -- Kitchen: -----> Verifying <default-centos-65>...
I, [2015-06-15T19:17:57.549177 #6736]  INFO -- Kitchen: -----> Destroying <default-centos-65>...
I, [2015-06-15T19:18:04.747528 #6736]  INFO -- Kitchen: -----> Kitchen is finished. (1m22.01s)
